<?xml version="1.0" encoding="UTF-8"?>
<coverage generated="1528823422994" clover="3.2.0">
  <project timestamp="1528823422995" name="All files">
    <metrics statements="123" coveredstatements="104" conditionals="42" coveredconditionals="29" methods="43" coveredmethods="27" elements="208" coveredelements="160" complexity="0" loc="123" ncloc="123" packages="5" files="18" classes="18">
      <package name="Source">
        <metrics statements="23" coveredstatements="23" conditionals="20" coveredconditionals="17" methods="5" coveredmethods="5"/>
        <file name="Reducers.js" path="/Users/globallogic/Documents/Ajit/Myself/Learning/ReactNative/Trivia/Github/code-challenge-ajit-singh/Source/Trivia/Source/Reducers.js">
          <metrics statements="23" coveredstatements="23" conditionals="20" coveredconditionals="17" methods="5" coveredmethods="5"/>
          <line num="4" count="1" type="stmt"/>
          <line num="13" count="15" type="cond" truecount="7" falsecount="0"/>
          <line num="15" count="2" type="stmt"/>
          <line num="17" count="2" type="stmt"/>
          <line num="19" count="2" type="stmt"/>
          <line num="25" count="3" type="stmt"/>
          <line num="32" count="2" type="stmt"/>
          <line num="34" count="2" type="stmt"/>
          <line num="36" count="2" type="stmt"/>
          <line num="41" count="3" type="cond" truecount="1" falsecount="1"/>
          <line num="42" count="3" type="cond" truecount="3" falsecount="1"/>
          <line num="43" count="3" type="stmt"/>
          <line num="47" count="3" type="stmt"/>
          <line num="48" count="3" type="stmt"/>
          <line num="49" count="3" type="cond" truecount="2" falsecount="0"/>
          <line num="50" count="1" type="stmt"/>
          <line num="52" count="2" type="stmt"/>
          <line num="55" count="3" type="stmt"/>
          <line num="68" count="2" type="stmt"/>
          <line num="69" count="2" type="cond" truecount="1" falsecount="1"/>
          <line num="70" count="3" type="cond" truecount="2" falsecount="0"/>
          <line num="71" count="2" type="stmt"/>
          <line num="74" count="2" type="stmt"/>
        </file>
      </package>
      <package name="Source.Actions">
        <metrics statements="10" coveredstatements="10" conditionals="0" coveredconditionals="0" methods="4" coveredmethods="4"/>
        <file name="ActionTypes.js" path="/Users/globallogic/Documents/Ajit/Myself/Learning/ReactNative/Trivia/Github/code-challenge-ajit-singh/Source/Trivia/Source/Actions/ActionTypes.js">
          <metrics statements="6" coveredstatements="6" conditionals="0" coveredconditionals="0" methods="0" coveredmethods="0"/>
          <line num="1" count="8" type="stmt"/>
          <line num="2" count="8" type="stmt"/>
          <line num="3" count="8" type="stmt"/>
          <line num="4" count="8" type="stmt"/>
          <line num="5" count="8" type="stmt"/>
          <line num="6" count="8" type="stmt"/>
        </file>
        <file name="AnswerQuestionAction.js" path="/Users/globallogic/Documents/Ajit/Myself/Learning/ReactNative/Trivia/Github/code-challenge-ajit-singh/Source/Trivia/Source/Actions/AnswerQuestionAction.js">
          <metrics statements="1" coveredstatements="1" conditionals="0" coveredconditionals="0" methods="1" coveredmethods="1"/>
          <line num="4" count="1" type="stmt"/>
        </file>
        <file name="CalculateTotalCorrectAnswersAction.js" path="/Users/globallogic/Documents/Ajit/Myself/Learning/ReactNative/Trivia/Github/code-challenge-ajit-singh/Source/Trivia/Source/Actions/CalculateTotalCorrectAnswersAction.js">
          <metrics statements="1" coveredstatements="1" conditionals="0" coveredconditionals="0" methods="1" coveredmethods="1"/>
          <line num="4" count="1" type="stmt"/>
        </file>
        <file name="FetchQuestionsAction.js" path="/Users/globallogic/Documents/Ajit/Myself/Learning/ReactNative/Trivia/Github/code-challenge-ajit-singh/Source/Trivia/Source/Actions/FetchQuestionsAction.js">
          <metrics statements="1" coveredstatements="1" conditionals="0" coveredconditionals="0" methods="1" coveredmethods="1"/>
          <line num="5" count="1" type="stmt"/>
        </file>
        <file name="ResetQuestionsAction.js" path="/Users/globallogic/Documents/Ajit/Myself/Learning/ReactNative/Trivia/Github/code-challenge-ajit-singh/Source/Trivia/Source/Actions/ResetQuestionsAction.js">
          <metrics statements="1" coveredstatements="1" conditionals="0" coveredconditionals="0" methods="1" coveredmethods="1"/>
          <line num="4" count="1" type="stmt"/>
        </file>
      </package>
      <package name="Source.ContainerComponents">
        <metrics statements="36" coveredstatements="29" conditionals="18" coveredconditionals="12" methods="21" coveredmethods="13"/>
        <file name="HomeScreen.js" path="/Users/globallogic/Documents/Ajit/Myself/Learning/ReactNative/Trivia/Github/code-challenge-ajit-singh/Source/Trivia/Source/ContainerComponents/HomeScreen.js">
          <metrics statements="14" coveredstatements="13" conditionals="6" coveredconditionals="6" methods="8" coveredmethods="6"/>
          <line num="25" count="6" type="stmt"/>
          <line num="26" count="6" type="stmt"/>
          <line num="32" count="1" type="stmt"/>
          <line num="35" count="1" type="stmt"/>
          <line num="40" count="1" type="stmt"/>
          <line num="44" count="3" type="cond" truecount="4" falsecount="0"/>
          <line num="47" count="1" type="stmt"/>
          <line num="48" count="1" type="stmt"/>
          <line num="49" count="1" type="stmt"/>
          <line num="51" count="2" type="cond" truecount="2" falsecount="0"/>
          <line num="52" count="1" type="stmt"/>
          <line num="57" count="0" type="stmt"/>
          <line num="69" count="1" type="stmt"/>
          <line num="75" count="1" type="stmt"/>
        </file>
        <file name="QuizScreen.js" path="/Users/globallogic/Documents/Ajit/Myself/Learning/ReactNative/Trivia/Github/code-challenge-ajit-singh/Source/Trivia/Source/ContainerComponents/QuizScreen.js">
          <metrics statements="10" coveredstatements="9" conditionals="10" coveredconditionals="4" methods="6" coveredmethods="4"/>
          <line num="24" count="5" type="stmt"/>
          <line num="25" count="5" type="stmt"/>
          <line num="31" count="1" type="stmt"/>
          <line num="37" count="2" type="cond" truecount="2" falsecount="0"/>
          <line num="38" count="1" type="stmt"/>
          <line num="42" count="1" type="stmt"/>
          <line num="47" count="1" type="stmt"/>
          <line num="51" count="0" type="stmt"/>
          <line num="64" count="1" type="stmt"/>
          <line num="70" count="1" type="stmt"/>
        </file>
        <file name="ResultsScreen.js" path="/Users/globallogic/Documents/Ajit/Myself/Learning/ReactNative/Trivia/Github/code-challenge-ajit-singh/Source/Trivia/Source/ContainerComponents/ResultsScreen.js">
          <metrics statements="12" coveredstatements="7" conditionals="2" coveredconditionals="2" methods="7" coveredmethods="3"/>
          <line num="30" count="1" type="stmt"/>
          <line num="34" count="2" type="cond" truecount="2" falsecount="0"/>
          <line num="35" count="1" type="stmt"/>
          <line num="40" count="1" type="stmt"/>
          <line num="44" count="0" type="stmt"/>
          <line num="50" count="0" type="stmt"/>
          <line num="51" count="0" type="stmt"/>
          <line num="65" count="1" type="stmt"/>
          <line num="77" count="1" type="stmt"/>
          <line num="78" count="0" type="stmt"/>
          <line num="79" count="0" type="stmt"/>
          <line num="85" count="1" type="stmt"/>
        </file>
      </package>
      <package name="Source.PresentationalComponents">
        <metrics statements="44" coveredstatements="32" conditionals="4" coveredconditionals="0" methods="13" coveredmethods="5"/>
        <file name="Loader.js" path="/Users/globallogic/Documents/Ajit/Myself/Learning/ReactNative/Trivia/Github/code-challenge-ajit-singh/Source/Trivia/Source/PresentationalComponents/Loader.js">
          <metrics statements="4" coveredstatements="3" conditionals="0" coveredconditionals="0" methods="1" coveredmethods="0"/>
          <line num="13" count="1" type="stmt"/>
          <line num="14" count="0" type="stmt"/>
          <line num="30" count="1" type="stmt"/>
          <line num="34" count="1" type="stmt"/>
        </file>
        <file name="Question.js" path="/Users/globallogic/Documents/Ajit/Myself/Learning/ReactNative/Trivia/Github/code-challenge-ajit-singh/Source/Trivia/Source/PresentationalComponents/Question.js">
          <metrics statements="13" coveredstatements="12" conditionals="0" coveredconditionals="0" methods="6" coveredmethods="5"/>
          <line num="11" count="2" type="stmt"/>
          <line num="13" count="2" type="stmt"/>
          <line num="19" count="2" type="stmt"/>
          <line num="20" count="2" type="stmt"/>
          <line num="26" count="1" type="stmt"/>
          <line num="32" count="1" type="stmt"/>
          <line num="37" count="1" type="stmt"/>
          <line num="38" count="1" type="stmt"/>
          <line num="39" count="1" type="stmt"/>
          <line num="45" count="0" type="stmt"/>
          <line num="60" count="2" type="stmt"/>
          <line num="65" count="2" type="stmt"/>
          <line num="69" count="2" type="stmt"/>
        </file>
        <file name="ResultItem.js" path="/Users/globallogic/Documents/Ajit/Myself/Learning/ReactNative/Trivia/Github/code-challenge-ajit-singh/Source/Trivia/Source/PresentationalComponents/ResultItem.js">
          <metrics statements="12" coveredstatements="6" conditionals="4" coveredconditionals="0" methods="2" coveredmethods="0"/>
          <line num="11" count="1" type="stmt"/>
          <line num="13" count="1" type="stmt"/>
          <line num="16" count="0" type="cond" truecount="0" falsecount="2"/>
          <line num="17" count="0" type="stmt"/>
          <line num="18" count="0" type="cond" truecount="0" falsecount="2"/>
          <line num="19" count="0" type="stmt"/>
          <line num="21" count="0" type="stmt"/>
          <line num="24" count="1" type="stmt"/>
          <line num="25" count="0" type="stmt"/>
          <line num="31" count="1" type="stmt"/>
          <line num="39" count="1" type="stmt"/>
          <line num="47" count="1" type="stmt"/>
        </file>
        <file name="TriviaButton.js" path="/Users/globallogic/Documents/Ajit/Myself/Learning/ReactNative/Trivia/Github/code-challenge-ajit-singh/Source/Trivia/Source/PresentationalComponents/TriviaButton.js">
          <metrics statements="4" coveredstatements="3" conditionals="0" coveredconditionals="0" methods="1" coveredmethods="0"/>
          <line num="10" count="2" type="stmt"/>
          <line num="11" count="0" type="stmt"/>
          <line num="19" count="2" type="stmt"/>
          <line num="24" count="2" type="stmt"/>
        </file>
        <file name="TriviaContainer.js" path="/Users/globallogic/Documents/Ajit/Myself/Learning/ReactNative/Trivia/Github/code-challenge-ajit-singh/Source/Trivia/Source/PresentationalComponents/TriviaContainer.js">
          <metrics statements="3" coveredstatements="2" conditionals="0" coveredconditionals="0" methods="1" coveredmethods="0"/>
          <line num="8" count="4" type="stmt"/>
          <line num="9" count="0" type="stmt"/>
          <line num="14" count="4" type="stmt"/>
        </file>
        <file name="TriviaText.js" path="/Users/globallogic/Documents/Ajit/Myself/Learning/ReactNative/Trivia/Github/code-challenge-ajit-singh/Source/Trivia/Source/PresentationalComponents/TriviaText.js">
          <metrics statements="4" coveredstatements="3" conditionals="0" coveredconditionals="0" methods="1" coveredmethods="0"/>
          <line num="9" count="3" type="stmt"/>
          <line num="10" count="0" type="stmt"/>
          <line num="13" count="3" type="stmt"/>
          <line num="17" count="3" type="stmt"/>
        </file>
        <file name="TriviaTitleText.js" path="/Users/globallogic/Documents/Ajit/Myself/Learning/ReactNative/Trivia/Github/code-challenge-ajit-singh/Source/Trivia/Source/PresentationalComponents/TriviaTitleText.js">
          <metrics statements="4" coveredstatements="3" conditionals="0" coveredconditionals="0" methods="1" coveredmethods="0"/>
          <line num="9" count="3" type="stmt"/>
          <line num="10" count="0" type="stmt"/>
          <line num="13" count="3" type="stmt"/>
          <line num="17" count="3" type="stmt"/>
        </file>
      </package>
      <package name="Source.Utils">
        <metrics statements="10" coveredstatements="10" conditionals="0" coveredconditionals="0" methods="0" coveredmethods="0"/>
        <file name="APIUtils.js" path="/Users/globallogic/Documents/Ajit/Myself/Learning/ReactNative/Trivia/Github/code-challenge-ajit-singh/Source/Trivia/Source/Utils/APIUtils.js">
          <metrics statements="3" coveredstatements="3" conditionals="0" coveredconditionals="0" methods="0" coveredmethods="0"/>
          <line num="3" count="3" type="stmt"/>
          <line num="4" count="3" type="stmt"/>
          <line num="5" count="3" type="stmt"/>
        </file>
        <file name="StyleUtils.js" path="/Users/globallogic/Documents/Ajit/Myself/Learning/ReactNative/Trivia/Github/code-challenge-ajit-singh/Source/Trivia/Source/Utils/StyleUtils.js">
          <metrics statements="7" coveredstatements="7" conditionals="0" coveredconditionals="0" methods="0" coveredmethods="0"/>
          <line num="2" count="4" type="stmt"/>
          <line num="3" count="4" type="stmt"/>
          <line num="4" count="4" type="stmt"/>
          <line num="5" count="4" type="stmt"/>
          <line num="6" count="4" type="stmt"/>
          <line num="7" count="4" type="stmt"/>
          <line num="8" count="4" type="stmt"/>
        </file>
      </package>
    </metrics>
  </project>
</coverage>
