<?xml version="1.0" encoding="UTF-8"?>
<coverage generated="1528821279434" clover="3.2.0">
  <project timestamp="1528821279434" name="All files">
    <metrics statements="7" coveredstatements="7" conditionals="0" coveredconditionals="0" methods="1" coveredmethods="1" elements="8" coveredelements="8" complexity="0" loc="7" ncloc="7" packages="1" files="2" classes="2">
      <file name="ActionTypes.js" path="/Users/globallogic/Documents/Ajit/Myself/Learning/ReactNative/Trivia/Github/code-challenge-ajit-singh/Source/Trivia/Source/Actions/ActionTypes.js">
        <metrics statements="6" coveredstatements="6" conditionals="0" coveredconditionals="0" methods="0" coveredmethods="0"/>
        <line num="1" count="1" type="stmt"/>
        <line num="2" count="1" type="stmt"/>
        <line num="3" count="1" type="stmt"/>
        <line num="4" count="1" type="stmt"/>
        <line num="5" count="1" type="stmt"/>
        <line num="6" count="1" type="stmt"/>
      </file>
      <file name="CalculateTotalCorrectAnswersAction.js" path="/Users/globallogic/Documents/Ajit/Myself/Learning/ReactNative/Trivia/Github/code-challenge-ajit-singh/Source/Trivia/Source/Actions/CalculateTotalCorrectAnswersAction.js">
        <metrics statements="1" coveredstatements="1" conditionals="0" coveredconditionals="0" methods="1" coveredmethods="1"/>
        <line num="4" count="1" type="stmt"/>
      </file>
    </metrics>
  </project>
</coverage>
