{"/Users/globallogic/Documents/Ajit/Myself/Learning/ReactNative/Trivia/Github/code-challenge-ajit-singh/Source/Trivia/Source/Actions/ActionTypes.js": {"path":"/Users/globallogic/Documents/Ajit/Myself/Learning/ReactNative/Trivia/Github/code-challenge-ajit-singh/Source/Trivia/Source/Actions/ActionTypes.js","statementMap":{"0":{"start":{"line":1,"column":31},"end":{"line":1,"column":55}},"1":{"start":{"line":2,"column":39},"end":{"line":2,"column":71}},"2":{"start":{"line":3,"column":36},"end":{"line":3,"column":65}},"3":{"start":{"line":4,"column":31},"end":{"line":4,"column":55}},"4":{"start":{"line":5,"column":31},"end":{"line":5,"column":55}},"5":{"start":{"line":6,"column":47},"end":{"line":6,"column":87}}},"fnMap":{},"branchMap":{},"s":{"0":1,"1":1,"2":1,"3":1,"4":1,"5":1},"f":{},"b":{},"_coverageSchema":"332fd63041d2c1bcb487cc26dd0d5f7d97098a6c","hash":"42166f4de0fa40437c563adda2323a3c82163248"}
,"/Users/globallogic/Documents/Ajit/Myself/Learning/ReactNative/Trivia/Github/code-challenge-ajit-singh/Source/Trivia/Source/Actions/CalculateTotalCorrectAnswersAction.js": {"path":"/Users/globallogic/Documents/Ajit/Myself/Learning/ReactNative/Trivia/Github/code-challenge-ajit-singh/Source/Trivia/Source/Actions/CalculateTotalCorrectAnswersAction.js","statementMap":{"0":{"start":{"line":4,"column":2},"end":{"line":7,"column":4}}},"fnMap":{"0":{"name":"calculateTotalCorrectAnswers","decl":{"start":{"line":3,"column":24},"end":{"line":3,"column":52}},"loc":{"start":{"line":3,"column":55},"end":{"line":8,"column":1}},"line":3}},"branchMap":{},"s":{"0":1},"f":{"0":1},"b":{},"_coverageSchema":"332fd63041d2c1bcb487cc26dd0d5f7d97098a6c","hash":"0c2002ad186181f15560d7c488bc8968774ccc6b"}
}
