{"/Users/globallogic/Documents/Ajit/Myself/Learning/ReactNative/Trivia/Github/code-challenge-ajit-singh/Source/Trivia/Source/Reducers.js": {"path":"/Users/globallogic/Documents/Ajit/Myself/Learning/ReactNative/Trivia/Github/code-challenge-ajit-singh/Source/Trivia/Source/Reducers.js","statementMap":{"0":{"start":{"line":4,"column":21},"end":{"line":7,"column":1}},"1":{"start":{"line":10,"column":2},"end":{"line":34,"column":3}},"2":{"start":{"line":12,"column":6},"end":{"line":12,"column":41}},"3":{"start":{"line":14,"column":6},"end":{"line":14,"column":82}},"4":{"start":{"line":16,"column":6},"end":{"line":20,"column":8}},"5":{"start":{"line":22,"column":6},"end":{"line":29,"column":8}},"6":{"start":{"line":31,"column":6},"end":{"line":31,"column":26}},"7":{"start":{"line":33,"column":6},"end":{"line":33,"column":19}},"8":{"start":{"line":38,"column":19},"end":{"line":38,"column":51}},"9":{"start":{"line":39,"column":2},"end":{"line":39,"column":49}},"10":{"start":{"line":40,"column":2},"end":{"line":40,"column":19}}},"fnMap":{"0":{"name":"reducer","decl":{"start":{"line":9,"column":24},"end":{"line":9,"column":31}},"loc":{"start":{"line":9,"column":62},"end":{"line":35,"column":1}},"line":9},"1":{"name":"answerQuestion","decl":{"start":{"line":37,"column":9},"end":{"line":37,"column":23}},"loc":{"start":{"line":37,"column":58},"end":{"line":41,"column":1}},"line":37}},"branchMap":{"0":{"loc":{"start":{"line":9,"column":32},"end":{"line":9,"column":52}},"type":"default-arg","locations":[{"start":{"line":9,"column":40},"end":{"line":9,"column":52}}],"line":9},"1":{"loc":{"start":{"line":10,"column":2},"end":{"line":34,"column":3}},"type":"switch","locations":[{"start":{"line":11,"column":4},"end":{"line":12,"column":41}},{"start":{"line":13,"column":4},"end":{"line":14,"column":82}},{"start":{"line":15,"column":4},"end":{"line":20,"column":8}},{"start":{"line":21,"column":4},"end":{"line":29,"column":8}},{"start":{"line":30,"column":4},"end":{"line":31,"column":26}},{"start":{"line":32,"column":4},"end":{"line":33,"column":19}}],"line":10},"2":{"loc":{"start":{"line":38,"column":20},"end":{"line":38,"column":35}},"type":"binary-expr","locations":[{"start":{"line":38,"column":20},"end":{"line":38,"column":29}},{"start":{"line":38,"column":33},"end":{"line":38,"column":35}}],"line":38},"3":{"loc":{"start":{"line":39,"column":3},"end":{"line":39,"column":17}},"type":"binary-expr","locations":[{"start":{"line":39,"column":3},"end":{"line":39,"column":11}},{"start":{"line":39,"column":15},"end":{"line":39,"column":17}}],"line":39},"4":{"loc":{"start":{"line":39,"column":35},"end":{"line":39,"column":47}},"type":"binary-expr","locations":[{"start":{"line":39,"column":35},"end":{"line":39,"column":41}},{"start":{"line":39,"column":45},"end":{"line":39,"column":47}}],"line":39}},"s":{"0":1,"1":12,"2":2,"3":2,"4":2,"5":2,"6":2,"7":2,"8":2,"9":2,"10":2},"f":{"0":12,"1":2},"b":{"0":[6],"1":[2,2,2,2,2,2],"2":[2,0],"3":[2,1],"4":[2,0]},"_coverageSchema":"332fd63041d2c1bcb487cc26dd0d5f7d97098a6c","hash":"da8f72dda2e14ed48545dc187b681c62ce245e1a"}
,"/Users/globallogic/Documents/Ajit/Myself/Learning/ReactNative/Trivia/Github/code-challenge-ajit-singh/Source/Trivia/Source/Actions/ActionTypes.js": {"path":"/Users/globallogic/Documents/Ajit/Myself/Learning/ReactNative/Trivia/Github/code-challenge-ajit-singh/Source/Trivia/Source/Actions/ActionTypes.js","statementMap":{"0":{"start":{"line":1,"column":31},"end":{"line":1,"column":55}},"1":{"start":{"line":2,"column":39},"end":{"line":2,"column":71}},"2":{"start":{"line":3,"column":36},"end":{"line":3,"column":65}},"3":{"start":{"line":4,"column":31},"end":{"line":4,"column":55}},"4":{"start":{"line":5,"column":31},"end":{"line":5,"column":55}}},"fnMap":{},"branchMap":{},"s":{"0":7,"1":7,"2":7,"3":7,"4":7},"f":{},"b":{},"_coverageSchema":"332fd63041d2c1bcb487cc26dd0d5f7d97098a6c","hash":"d8825b2bd1a7f4a0f4e6910aee6585db31acd076"}
,"/Users/globallogic/Documents/Ajit/Myself/Learning/ReactNative/Trivia/Github/code-challenge-ajit-singh/Source/Trivia/Source/Actions/AnswerQuestionAction.js": {"path":"/Users/globallogic/Documents/Ajit/Myself/Learning/ReactNative/Trivia/Github/code-challenge-ajit-singh/Source/Trivia/Source/Actions/AnswerQuestionAction.js","statementMap":{"0":{"start":{"line":4,"column":2},"end":{"line":10,"column":4}}},"fnMap":{"0":{"name":"answerQuestion","decl":{"start":{"line":3,"column":24},"end":{"line":3,"column":38}},"loc":{"start":{"line":3,"column":62},"end":{"line":11,"column":1}},"line":3}},"branchMap":{},"s":{"0":1},"f":{"0":1},"b":{},"_coverageSchema":"332fd63041d2c1bcb487cc26dd0d5f7d97098a6c","hash":"7432c74224c42f7b4f5dc2d28c21efdaf488a353"}
,"/Users/globallogic/Documents/Ajit/Myself/Learning/ReactNative/Trivia/Github/code-challenge-ajit-singh/Source/Trivia/Source/Actions/FetchQuestionsAction.js": {"path":"/Users/globallogic/Documents/Ajit/Myself/Learning/ReactNative/Trivia/Github/code-challenge-ajit-singh/Source/Trivia/Source/Actions/FetchQuestionsAction.js","statementMap":{"0":{"start":{"line":5,"column":2},"end":{"line":12,"column":4}}},"fnMap":{"0":{"name":"fetchQuestions","decl":{"start":{"line":4,"column":24},"end":{"line":4,"column":38}},"loc":{"start":{"line":4,"column":41},"end":{"line":13,"column":1}},"line":4}},"branchMap":{},"s":{"0":1},"f":{"0":1},"b":{},"_coverageSchema":"332fd63041d2c1bcb487cc26dd0d5f7d97098a6c","hash":"d6191e2e1d7ed1e1f94a047a59a0368d7547d0b3"}
,"/Users/globallogic/Documents/Ajit/Myself/Learning/ReactNative/Trivia/Github/code-challenge-ajit-singh/Source/Trivia/Source/Actions/ResetQuestionsAction.js": {"path":"/Users/globallogic/Documents/Ajit/Myself/Learning/ReactNative/Trivia/Github/code-challenge-ajit-singh/Source/Trivia/Source/Actions/ResetQuestionsAction.js","statementMap":{"0":{"start":{"line":4,"column":2},"end":{"line":7,"column":4}}},"fnMap":{"0":{"name":"resetQuestions","decl":{"start":{"line":3,"column":24},"end":{"line":3,"column":38}},"loc":{"start":{"line":3,"column":41},"end":{"line":8,"column":1}},"line":3}},"branchMap":{},"s":{"0":1},"f":{"0":1},"b":{},"_coverageSchema":"332fd63041d2c1bcb487cc26dd0d5f7d97098a6c","hash":"c8cdc48809d59d830537af4c34878fbfb29cfd87"}
,"/Users/globallogic/Documents/Ajit/Myself/Learning/ReactNative/Trivia/Github/code-challenge-ajit-singh/Source/Trivia/Source/ContainerComponents/HomeScreen.js": {"path":"/Users/globallogic/Documents/Ajit/Myself/Learning/ReactNative/Trivia/Github/code-challenge-ajit-singh/Source/Trivia/Source/ContainerComponents/HomeScreen.js","statementMap":{"0":{"start":{"line":27,"column":4},"end":{"line":27,"column":12}},"1":{"start":{"line":28,"column":4},"end":{"line":30,"column":6}},"2":{"start":{"line":34,"column":4},"end":{"line":38,"column":7}},"3":{"start":{"line":37,"column":6},"end":{"line":37,"column":37}},"4":{"start":{"line":42,"column":4},"end":{"line":42,"column":32}},"5":{"start":{"line":46,"column":4},"end":{"line":55,"column":5}},"6":{"start":{"line":49,"column":22},"end":{"line":52,"column":13}},"7":{"start":{"line":50,"column":8},"end":{"line":50,"column":72}},"8":{"start":{"line":51,"column":8},"end":{"line":51,"column":30}},"9":{"start":{"line":53,"column":11},"end":{"line":55,"column":5}},"10":{"start":{"line":54,"column":6},"end":{"line":54,"column":67}},"11":{"start":{"line":59,"column":4},"end":{"line":72,"column":6}},"12":{"start":{"line":76,"column":15},"end":{"line":108,"column":2}},"13":{"start":{"line":110,"column":24},"end":{"line":114,"column":2}},"14":{"start":{"line":110,"column":34},"end":{"line":114,"column":1}},"15":{"start":{"line":116,"column":27},"end":{"line":118,"column":1}}},"fnMap":{"0":{"name":"(anonymous_0)","decl":{"start":{"line":26,"column":2},"end":{"line":26,"column":3}},"loc":{"start":{"line":26,"column":16},"end":{"line":31,"column":3}},"line":26},"1":{"name":"(anonymous_1)","decl":{"start":{"line":33,"column":2},"end":{"line":33,"column":3}},"loc":{"start":{"line":33,"column":39},"end":{"line":39,"column":3}},"line":33},"2":{"name":"(anonymous_2)","decl":{"start":{"line":36,"column":7},"end":{"line":36,"column":8}},"loc":{"start":{"line":36,"column":13},"end":{"line":38,"column":5}},"line":36},"3":{"name":"(anonymous_3)","decl":{"start":{"line":41,"column":17},"end":{"line":41,"column":18}},"loc":{"start":{"line":41,"column":23},"end":{"line":43,"column":3}},"line":41},"4":{"name":"(anonymous_4)","decl":{"start":{"line":45,"column":2},"end":{"line":45,"column":3}},"loc":{"start":{"line":45,"column":28},"end":{"line":56,"column":3}},"line":45},"5":{"name":"(anonymous_5)","decl":{"start":{"line":49,"column":33},"end":{"line":49,"column":34}},"loc":{"start":{"line":49,"column":39},"end":{"line":52,"column":7}},"line":49},"6":{"name":"(anonymous_6)","decl":{"start":{"line":58,"column":2},"end":{"line":58,"column":3}},"loc":{"start":{"line":58,"column":11},"end":{"line":73,"column":3}},"line":58},"7":{"name":"(anonymous_7)","decl":{"start":{"line":110,"column":24},"end":{"line":110,"column":25}},"loc":{"start":{"line":110,"column":34},"end":{"line":114,"column":1}},"line":110}},"branchMap":{"0":{"loc":{"start":{"line":46,"column":4},"end":{"line":55,"column":5}},"type":"if","locations":[{"start":{"line":46,"column":4},"end":{"line":55,"column":5}},{"start":{"line":46,"column":4},"end":{"line":55,"column":5}}],"line":46},"1":{"loc":{"start":{"line":46,"column":8},"end":{"line":46,"column":66}},"type":"binary-expr","locations":[{"start":{"line":46,"column":9},"end":{"line":46,"column":36}},{"start":{"line":46,"column":42},"end":{"line":46,"column":65}}],"line":46},"2":{"loc":{"start":{"line":53,"column":11},"end":{"line":55,"column":5}},"type":"if","locations":[{"start":{"line":53,"column":11},"end":{"line":55,"column":5}},{"start":{"line":53,"column":11},"end":{"line":55,"column":5}}],"line":53}},"s":{"0":6,"1":6,"2":1,"3":1,"4":1,"5":3,"6":1,"7":1,"8":1,"9":2,"10":1,"11":0,"12":1,"13":1,"14":0,"15":1},"f":{"0":6,"1":1,"2":1,"3":1,"4":3,"5":1,"6":0,"7":0},"b":{"0":[1,2],"1":[3,2],"2":[1,1]},"_coverageSchema":"332fd63041d2c1bcb487cc26dd0d5f7d97098a6c","hash":"4c99b217329751d6254c2ea15cda36632eee05b4"}
,"/Users/globallogic/Documents/Ajit/Myself/Learning/ReactNative/Trivia/Github/code-challenge-ajit-singh/Source/Trivia/Source/ContainerComponents/QuizScreen.js": {"path":"/Users/globallogic/Documents/Ajit/Myself/Learning/ReactNative/Trivia/Github/code-challenge-ajit-singh/Source/Trivia/Source/ContainerComponents/QuizScreen.js","statementMap":{"0":{"start":{"line":26,"column":4},"end":{"line":26,"column":12}},"1":{"start":{"line":27,"column":4},"end":{"line":29,"column":6}},"2":{"start":{"line":33,"column":26},"end":{"line":33,"column":72}},"3":{"start":{"line":34,"column":4},"end":{"line":36,"column":7}},"4":{"start":{"line":40,"column":26},"end":{"line":40,"column":73}},"5":{"start":{"line":41,"column":4},"end":{"line":41,"column":53}},"6":{"start":{"line":42,"column":4},"end":{"line":46,"column":5}},"7":{"start":{"line":43,"column":6},"end":{"line":43,"column":83}},"8":{"start":{"line":45,"column":6},"end":{"line":45,"column":47}},"9":{"start":{"line":50,"column":26},"end":{"line":50,"column":73}},"10":{"start":{"line":51,"column":4},"end":{"line":59,"column":6}},"11":{"start":{"line":63,"column":15},"end":{"line":78,"column":2}},"12":{"start":{"line":80,"column":24},"end":{"line":82,"column":2}},"13":{"start":{"line":80,"column":34},"end":{"line":82,"column":1}},"14":{"start":{"line":84,"column":27},"end":{"line":86,"column":1}}},"fnMap":{"0":{"name":"(anonymous_0)","decl":{"start":{"line":25,"column":2},"end":{"line":25,"column":3}},"loc":{"start":{"line":25,"column":16},"end":{"line":30,"column":3}},"line":25},"1":{"name":"(anonymous_1)","decl":{"start":{"line":32,"column":2},"end":{"line":32,"column":3}},"loc":{"start":{"line":32,"column":39},"end":{"line":37,"column":3}},"line":32},"2":{"name":"(anonymous_2)","decl":{"start":{"line":39,"column":29},"end":{"line":39,"column":30}},"loc":{"start":{"line":39,"column":41},"end":{"line":47,"column":3}},"line":39},"3":{"name":"(anonymous_3)","decl":{"start":{"line":49,"column":2},"end":{"line":49,"column":3}},"loc":{"start":{"line":49,"column":11},"end":{"line":60,"column":3}},"line":49},"4":{"name":"(anonymous_4)","decl":{"start":{"line":80,"column":24},"end":{"line":80,"column":25}},"loc":{"start":{"line":80,"column":34},"end":{"line":82,"column":1}},"line":80}},"branchMap":{"0":{"loc":{"start":{"line":35,"column":17},"end":{"line":35,"column":42}},"type":"binary-expr","locations":[{"start":{"line":35,"column":17},"end":{"line":35,"column":36}},{"start":{"line":35,"column":40},"end":{"line":35,"column":42}}],"line":35},"1":{"loc":{"start":{"line":42,"column":4},"end":{"line":46,"column":5}},"type":"if","locations":[{"start":{"line":42,"column":4},"end":{"line":46,"column":5}},{"start":{"line":42,"column":4},"end":{"line":46,"column":5}}],"line":42},"2":{"loc":{"start":{"line":54,"column":25},"end":{"line":54,"column":50}},"type":"binary-expr","locations":[{"start":{"line":54,"column":25},"end":{"line":54,"column":44}},{"start":{"line":54,"column":48},"end":{"line":54,"column":50}}],"line":54}},"s":{"0":5,"1":5,"2":2,"3":2,"4":2,"5":2,"6":2,"7":1,"8":1,"9":0,"10":0,"11":1,"12":1,"13":0,"14":1},"f":{"0":5,"1":2,"2":2,"3":0,"4":0},"b":{"0":[2,1],"1":[1,1],"2":[0,0]},"_coverageSchema":"332fd63041d2c1bcb487cc26dd0d5f7d97098a6c","hash":"4ce52c81d0cd3610bdb72f9a1d5711c0c074ad1b"}
,"/Users/globallogic/Documents/Ajit/Myself/Learning/ReactNative/Trivia/Github/code-challenge-ajit-singh/Source/Trivia/Source/ContainerComponents/ResultsScreen.js": {"path":"/Users/globallogic/Documents/Ajit/Myself/Learning/ReactNative/Trivia/Github/code-challenge-ajit-singh/Source/Trivia/Source/ContainerComponents/ResultsScreen.js","statementMap":{"0":{"start":{"line":28,"column":4},"end":{"line":30,"column":5}},"1":{"start":{"line":29,"column":6},"end":{"line":29,"column":45}},"2":{"start":{"line":34,"column":4},"end":{"line":34,"column":32}},"3":{"start":{"line":38,"column":30},"end":{"line":38,"column":31}},"4":{"start":{"line":39,"column":4},"end":{"line":43,"column":7}},"5":{"start":{"line":40,"column":6},"end":{"line":42,"column":7}},"6":{"start":{"line":41,"column":8},"end":{"line":41,"column":33}},"7":{"start":{"line":44,"column":4},"end":{"line":44,"column":31}},"8":{"start":{"line":48,"column":4},"end":{"line":50,"column":11}},"9":{"start":{"line":54,"column":26},"end":{"line":54,"column":36}},"10":{"start":{"line":55,"column":4},"end":{"line":69,"column":6}},"11":{"start":{"line":73,"column":15},"end":{"line":105,"column":2}},"12":{"start":{"line":107,"column":24},"end":{"line":112,"column":1}},"13":{"start":{"line":108,"column":26},"end":{"line":108,"column":97}},"14":{"start":{"line":108,"column":68},"end":{"line":108,"column":95}},"15":{"start":{"line":109,"column":2},"end":{"line":111,"column":4}},"16":{"start":{"line":114,"column":27},"end":{"line":116,"column":1}}},"fnMap":{"0":{"name":"(anonymous_0)","decl":{"start":{"line":27,"column":2},"end":{"line":27,"column":3}},"loc":{"start":{"line":27,"column":39},"end":{"line":31,"column":3}},"line":27},"1":{"name":"(anonymous_1)","decl":{"start":{"line":33,"column":21},"end":{"line":33,"column":22}},"loc":{"start":{"line":33,"column":27},"end":{"line":35,"column":3}},"line":33},"2":{"name":"(anonymous_2)","decl":{"start":{"line":37,"column":27},"end":{"line":37,"column":28}},"loc":{"start":{"line":37,"column":33},"end":{"line":45,"column":3}},"line":37},"3":{"name":"(anonymous_3)","decl":{"start":{"line":39,"column":41},"end":{"line":39,"column":42}},"loc":{"start":{"line":39,"column":55},"end":{"line":43,"column":5}},"line":39},"4":{"name":"(anonymous_4)","decl":{"start":{"line":47,"column":15},"end":{"line":47,"column":16}},"loc":{"start":{"line":48,"column":4},"end":{"line":50,"column":11}},"line":48},"5":{"name":"(anonymous_5)","decl":{"start":{"line":53,"column":2},"end":{"line":53,"column":3}},"loc":{"start":{"line":53,"column":11},"end":{"line":70,"column":3}},"line":53},"6":{"name":"(anonymous_6)","decl":{"start":{"line":107,"column":24},"end":{"line":107,"column":25}},"loc":{"start":{"line":107,"column":35},"end":{"line":112,"column":1}},"line":107},"7":{"name":"(anonymous_7)","decl":{"start":{"line":108,"column":46},"end":{"line":108,"column":47}},"loc":{"start":{"line":108,"column":68},"end":{"line":108,"column":95}},"line":108}},"branchMap":{"0":{"loc":{"start":{"line":28,"column":4},"end":{"line":30,"column":5}},"type":"if","locations":[{"start":{"line":28,"column":4},"end":{"line":30,"column":5}},{"start":{"line":28,"column":4},"end":{"line":30,"column":5}}],"line":28},"1":{"loc":{"start":{"line":39,"column":5},"end":{"line":39,"column":31}},"type":"binary-expr","locations":[{"start":{"line":39,"column":5},"end":{"line":39,"column":25}},{"start":{"line":39,"column":29},"end":{"line":39,"column":31}}],"line":39},"2":{"loc":{"start":{"line":40,"column":6},"end":{"line":42,"column":7}},"type":"if","locations":[{"start":{"line":40,"column":6},"end":{"line":42,"column":7}},{"start":{"line":40,"column":6},"end":{"line":42,"column":7}}],"line":40}},"s":{"0":2,"1":1,"2":1,"3":3,"4":3,"5":6,"6":2,"7":3,"8":0,"9":0,"10":0,"11":1,"12":1,"13":0,"14":0,"15":0,"16":1},"f":{"0":2,"1":1,"2":3,"3":6,"4":0,"5":0,"6":0,"7":0},"b":{"0":[1,1],"1":[3,0],"2":[2,4]},"_coverageSchema":"332fd63041d2c1bcb487cc26dd0d5f7d97098a6c","hash":"c5657392b7a366aa9c73df19620e02d2132e4fef"}
,"/Users/globallogic/Documents/Ajit/Myself/Learning/ReactNative/Trivia/Github/code-challenge-ajit-singh/Source/Trivia/Source/PresentationalComponents/Loader.js": {"path":"/Users/globallogic/Documents/Ajit/Myself/Learning/ReactNative/Trivia/Github/code-challenge-ajit-singh/Source/Trivia/Source/PresentationalComponents/Loader.js","statementMap":{"0":{"start":{"line":14,"column":4},"end":{"line":29,"column":6}},"1":{"start":{"line":33,"column":15},"end":{"line":50,"column":2}}},"fnMap":{"0":{"name":"(anonymous_0)","decl":{"start":{"line":13,"column":2},"end":{"line":13,"column":3}},"loc":{"start":{"line":13,"column":11},"end":{"line":30,"column":3}},"line":13}},"branchMap":{},"s":{"0":0,"1":1},"f":{"0":0},"b":{},"_coverageSchema":"332fd63041d2c1bcb487cc26dd0d5f7d97098a6c","hash":"4bda11ed2626712668965aa3301af5021b92bfff"}
,"/Users/globallogic/Documents/Ajit/Myself/Learning/ReactNative/Trivia/Github/code-challenge-ajit-singh/Source/Trivia/Source/PresentationalComponents/Question.js": {"path":"/Users/globallogic/Documents/Ajit/Myself/Learning/ReactNative/Trivia/Github/code-challenge-ajit-singh/Source/Trivia/Source/PresentationalComponents/Question.js","statementMap":{"0":{"start":{"line":11,"column":17},"end":{"line":11,"column":57}},"1":{"start":{"line":13,"column":17},"end":{"line":13,"column":31}},"2":{"start":{"line":19,"column":4},"end":{"line":19,"column":12}},"3":{"start":{"line":20,"column":4},"end":{"line":22,"column":6}},"4":{"start":{"line":26,"column":4},"end":{"line":28,"column":6}},"5":{"start":{"line":32,"column":4},"end":{"line":41,"column":7}},"6":{"start":{"line":37,"column":22},"end":{"line":40,"column":13}},"7":{"start":{"line":38,"column":8},"end":{"line":38,"column":55}},"8":{"start":{"line":39,"column":8},"end":{"line":39,"column":30}},"9":{"start":{"line":45,"column":4},"end":{"line":56,"column":6}},"10":{"start":{"line":60,"column":15},"end":{"line":80,"column":2}}},"fnMap":{"0":{"name":"(anonymous_0)","decl":{"start":{"line":18,"column":2},"end":{"line":18,"column":3}},"loc":{"start":{"line":18,"column":16},"end":{"line":23,"column":3}},"line":18},"1":{"name":"(anonymous_1)","decl":{"start":{"line":25,"column":2},"end":{"line":25,"column":3}},"loc":{"start":{"line":25,"column":30},"end":{"line":29,"column":3}},"line":25},"2":{"name":"(anonymous_2)","decl":{"start":{"line":31,"column":19},"end":{"line":31,"column":20}},"loc":{"start":{"line":31,"column":40},"end":{"line":42,"column":3}},"line":31},"3":{"name":"(anonymous_3)","decl":{"start":{"line":34,"column":7},"end":{"line":34,"column":8}},"loc":{"start":{"line":34,"column":13},"end":{"line":41,"column":5}},"line":34},"4":{"name":"(anonymous_4)","decl":{"start":{"line":37,"column":33},"end":{"line":37,"column":34}},"loc":{"start":{"line":37,"column":39},"end":{"line":40,"column":7}},"line":37},"5":{"name":"(anonymous_5)","decl":{"start":{"line":44,"column":2},"end":{"line":44,"column":3}},"loc":{"start":{"line":44,"column":11},"end":{"line":57,"column":3}},"line":44}},"branchMap":{},"s":{"0":2,"1":2,"2":2,"3":2,"4":1,"5":1,"6":1,"7":1,"8":1,"9":0,"10":2},"f":{"0":2,"1":1,"2":1,"3":1,"4":1,"5":0},"b":{},"_coverageSchema":"332fd63041d2c1bcb487cc26dd0d5f7d97098a6c","hash":"a32d40b3345b1218877cc60d702c66354d94b2cd"}
,"/Users/globallogic/Documents/Ajit/Myself/Learning/ReactNative/Trivia/Github/code-challenge-ajit-singh/Source/Trivia/Source/PresentationalComponents/ResultItem.js": {"path":"/Users/globallogic/Documents/Ajit/Myself/Learning/ReactNative/Trivia/Github/code-challenge-ajit-singh/Source/Trivia/Source/PresentationalComponents/ResultItem.js","statementMap":{"0":{"start":{"line":10,"column":17},"end":{"line":10,"column":57}},"1":{"start":{"line":12,"column":17},"end":{"line":12,"column":31}},"2":{"start":{"line":16,"column":22},"end":{"line":16,"column":47}},"3":{"start":{"line":17,"column":21},"end":{"line":17,"column":24}},"4":{"start":{"line":18,"column":4},"end":{"line":20,"column":5}},"5":{"start":{"line":19,"column":6},"end":{"line":19,"column":23}},"6":{"start":{"line":21,"column":4},"end":{"line":21,"column":22}},"7":{"start":{"line":25,"column":4},"end":{"line":30,"column":6}},"8":{"start":{"line":34,"column":15},"end":{"line":53,"column":2}}},"fnMap":{"0":{"name":"(anonymous_0)","decl":{"start":{"line":15,"column":18},"end":{"line":15,"column":19}},"loc":{"start":{"line":15,"column":24},"end":{"line":22,"column":3}},"line":15},"1":{"name":"(anonymous_1)","decl":{"start":{"line":24,"column":2},"end":{"line":24,"column":3}},"loc":{"start":{"line":24,"column":11},"end":{"line":31,"column":3}},"line":24}},"branchMap":{"0":{"loc":{"start":{"line":16,"column":22},"end":{"line":16,"column":47}},"type":"binary-expr","locations":[{"start":{"line":16,"column":22},"end":{"line":16,"column":41}},{"start":{"line":16,"column":45},"end":{"line":16,"column":47}}],"line":16},"1":{"loc":{"start":{"line":18,"column":4},"end":{"line":20,"column":5}},"type":"if","locations":[{"start":{"line":18,"column":4},"end":{"line":20,"column":5}},{"start":{"line":18,"column":4},"end":{"line":20,"column":5}}],"line":18}},"s":{"0":2,"1":2,"2":3,"3":3,"4":3,"5":2,"6":3,"7":0,"8":2},"f":{"0":3,"1":0},"b":{"0":[3,1],"1":[2,1]},"_coverageSchema":"332fd63041d2c1bcb487cc26dd0d5f7d97098a6c","hash":"01eee9462952bdbf278a0e02b607f77bce7f00e8"}
,"/Users/globallogic/Documents/Ajit/Myself/Learning/ReactNative/Trivia/Github/code-challenge-ajit-singh/Source/Trivia/Source/Utils/APIUtils.js": {"path":"/Users/globallogic/Documents/Ajit/Myself/Learning/ReactNative/Trivia/Github/code-challenge-ajit-singh/Source/Trivia/Source/Utils/APIUtils.js","statementMap":{"0":{"start":{"line":3,"column":24},"end":{"line":3,"column":53}},"1":{"start":{"line":4,"column":35},"end":{"line":4,"column":76}},"2":{"start":{"line":5,"column":37},"end":{"line":5,"column":69}}},"fnMap":{},"branchMap":{},"s":{"0":3,"1":3,"2":3},"f":{},"b":{},"_coverageSchema":"332fd63041d2c1bcb487cc26dd0d5f7d97098a6c","hash":"ea4f15642f7268eaaabca7956a2860ad5511bf5e"}
,"/Users/globallogic/Documents/Ajit/Myself/Learning/ReactNative/Trivia/Github/code-challenge-ajit-singh/Source/Trivia/Source/Utils/StyleUtils.js": {"path":"/Users/globallogic/Documents/Ajit/Myself/Learning/ReactNative/Trivia/Github/code-challenge-ajit-singh/Source/Trivia/Source/Utils/StyleUtils.js","statementMap":{"0":{"start":{"line":2,"column":32},"end":{"line":2,"column":41}},"1":{"start":{"line":3,"column":39},"end":{"line":3,"column":48}},"2":{"start":{"line":4,"column":33},"end":{"line":4,"column":42}},"3":{"start":{"line":5,"column":39},"end":{"line":5,"column":50}},"4":{"start":{"line":6,"column":32},"end":{"line":6,"column":41}},"5":{"start":{"line":7,"column":31},"end":{"line":7,"column":40}},"6":{"start":{"line":8,"column":32},"end":{"line":8,"column":34}}},"fnMap":{},"branchMap":{},"s":{"0":5,"1":5,"2":5,"3":5,"4":5,"5":5,"6":5},"f":{},"b":{},"_coverageSchema":"332fd63041d2c1bcb487cc26dd0d5f7d97098a6c","hash":"923f6f31f4c598d23721e53f95210c64de3f0fef"}
}
