TN:
SF:/Users/globallogic/Documents/Ajit/Myself/Learning/ReactNative/Trivia/Github/code-challenge-ajit-singh/Source/Trivia/Source/Reducers.js
FN:15,reducer
FNF:1
FNH:1
FNDA:15,reducer
DA:7,1
DA:16,15
DA:18,2
DA:20,2
DA:22,2
DA:28,3
DA:30,2
DA:32,2
DA:34,2
LF:9
LH:9
BRDA:15,0,0,7
BRDA:16,1,0,2
BRDA:16,1,1,2
BRDA:16,1,2,2
BRDA:16,1,3,3
BRDA:16,1,4,2
BRDA:16,1,5,2
BRDA:16,1,6,2
BRF:8
BRH:8
end_of_record
TN:
SF:/Users/globallogic/Documents/Ajit/Myself/Learning/ReactNative/Trivia/Github/code-challenge-ajit-singh/Source/Trivia/Source/Actions/ActionTypes.js
FNF:0
FNH:0
DA:1,8
DA:2,8
DA:3,8
DA:4,8
DA:5,8
DA:6,8
LF:6
LH:6
BRF:0
BRH:0
end_of_record
TN:
SF:/Users/globallogic/Documents/Ajit/Myself/Learning/ReactNative/Trivia/Github/code-challenge-ajit-singh/Source/Trivia/Source/Actions/AnswerQuestionAction.js
FN:3,answerQuestion
FNF:1
FNH:1
FNDA:1,answerQuestion
DA:4,1
LF:1
LH:1
BRF:0
BRH:0
end_of_record
TN:
SF:/Users/globallogic/Documents/Ajit/Myself/Learning/ReactNative/Trivia/Github/code-challenge-ajit-singh/Source/Trivia/Source/Actions/CalculateTotalCorrectAnswersAction.js
FN:3,calculateTotalCorrectAnswers
FNF:1
FNH:1
FNDA:1,calculateTotalCorrectAnswers
DA:4,1
LF:1
LH:1
BRF:0
BRH:0
end_of_record
TN:
SF:/Users/globallogic/Documents/Ajit/Myself/Learning/ReactNative/Trivia/Github/code-challenge-ajit-singh/Source/Trivia/Source/Actions/FetchQuestionsAction.js
FN:4,fetchQuestions
FNF:1
FNH:1
FNDA:1,fetchQuestions
DA:5,1
LF:1
LH:1
BRF:0
BRH:0
end_of_record
TN:
SF:/Users/globallogic/Documents/Ajit/Myself/Learning/ReactNative/Trivia/Github/code-challenge-ajit-singh/Source/Trivia/Source/Actions/ResetQuestionsAction.js
FN:3,resetQuestions
FNF:1
FNH:1
FNDA:1,resetQuestions
DA:4,1
LF:1
LH:1
BRF:0
BRH:0
end_of_record
TN:
SF:/Users/globallogic/Documents/Ajit/Myself/Learning/ReactNative/Trivia/Github/code-challenge-ajit-singh/Source/Trivia/Source/ContainerComponents/HomeScreen.js
FN:24,(anonymous_0)
FN:31,(anonymous_1)
FN:34,(anonymous_2)
FN:39,(anonymous_3)
FN:43,(anonymous_4)
FN:47,(anonymous_5)
FN:56,(anonymous_6)
FN:69,(anonymous_7)
FNF:8
FNH:7
FNDA:7,(anonymous_0)
FNDA:1,(anonymous_1)
FNDA:1,(anonymous_2)
FNDA:1,(anonymous_3)
FNDA:3,(anonymous_4)
FNDA:1,(anonymous_5)
FNDA:1,(anonymous_6)
FNDA:0,(anonymous_7)
DA:25,7
DA:26,7
DA:32,1
DA:35,1
DA:40,1
DA:44,3
DA:47,1
DA:48,1
DA:49,1
DA:51,2
DA:52,1
DA:57,1
DA:69,1
DA:75,1
LF:14
LH:14
BRDA:44,0,0,1
BRDA:44,0,1,2
BRDA:44,1,0,3
BRDA:44,1,1,2
BRDA:51,2,0,1
BRDA:51,2,1,1
BRF:6
BRH:6
end_of_record
TN:
SF:/Users/globallogic/Documents/Ajit/Myself/Learning/ReactNative/Trivia/Github/code-challenge-ajit-singh/Source/Trivia/Source/ContainerComponents/QuizScreen.js
FN:23,(anonymous_0)
FN:30,(anonymous_1)
FN:36,(anonymous_2)
FN:46,(anonymous_3)
FN:50,(anonymous_4)
FN:66,(anonymous_5)
FNF:6
FNH:5
FNDA:6,(anonymous_0)
FNDA:2,(anonymous_1)
FNDA:2,(anonymous_2)
FNDA:1,(anonymous_3)
FNDA:1,(anonymous_4)
FNDA:0,(anonymous_5)
DA:24,6
DA:25,6
DA:31,2
DA:37,2
DA:38,1
DA:42,1
DA:47,1
DA:51,1
DA:66,1
DA:72,1
LF:10
LH:10
BRDA:32,0,0,2
BRDA:32,0,1,1
BRDA:37,1,0,1
BRDA:37,1,1,1
BRDA:39,2,0,1
BRDA:39,2,1,0
BRDA:53,3,0,1
BRDA:53,3,1,1
BRDA:55,4,0,1
BRDA:55,4,1,1
BRDA:59,5,0,1
BRDA:59,5,1,1
BRF:12
BRH:11
end_of_record
TN:
SF:/Users/globallogic/Documents/Ajit/Myself/Learning/ReactNative/Trivia/Github/code-challenge-ajit-singh/Source/Trivia/Source/ContainerComponents/ResultsScreen.js
FN:29,(anonymous_0)
FN:33,(anonymous_1)
FN:39,(anonymous_2)
FN:43,(anonymous_3)
FN:49,(anonymous_4)
FN:77,(anonymous_5)
FN:78,(anonymous_6)
FNF:7
FNH:4
FNDA:2,(anonymous_0)
FNDA:2,(anonymous_1)
FNDA:1,(anonymous_2)
FNDA:0,(anonymous_3)
FNDA:1,(anonymous_4)
FNDA:0,(anonymous_5)
FNDA:0,(anonymous_6)
DA:30,2
DA:34,2
DA:35,1
DA:40,1
DA:44,0
DA:50,1
DA:51,1
DA:65,1
DA:77,1
DA:78,0
DA:79,0
DA:85,1
LF:12
LH:9
BRDA:34,0,0,1
BRDA:34,0,1,1
BRDA:53,1,0,1
BRDA:53,1,1,1
BRF:4
BRH:4
end_of_record
TN:
SF:/Users/globallogic/Documents/Ajit/Myself/Learning/ReactNative/Trivia/Github/code-challenge-ajit-singh/Source/Trivia/Source/PresentationalComponents/Loader.js
FN:13,(anonymous_0)
FNF:1
FNH:1
FNDA:2,(anonymous_0)
DA:13,2
DA:14,2
DA:30,2
DA:34,2
LF:4
LH:4
BRF:0
BRH:0
end_of_record
TN:
SF:/Users/globallogic/Documents/Ajit/Myself/Learning/ReactNative/Trivia/Github/code-challenge-ajit-singh/Source/Trivia/Source/PresentationalComponents/Question.js
FN:14,(anonymous_0)
FN:21,(anonymous_1)
FN:27,(anonymous_2)
FN:30,(anonymous_3)
FN:33,(anonymous_4)
FN:40,(anonymous_5)
FNF:6
FNH:6
FNDA:5,(anonymous_0)
FNDA:1,(anonymous_1)
FNDA:1,(anonymous_2)
FNDA:1,(anonymous_3)
FNDA:1,(anonymous_4)
FNDA:2,(anonymous_5)
DA:15,5
DA:16,5
DA:22,1
DA:28,1
DA:33,1
DA:34,1
DA:35,1
DA:41,2
DA:56,2
DA:61,2
DA:65,2
LF:11
LH:11
BRF:0
BRH:0
end_of_record
TN:
SF:/Users/globallogic/Documents/Ajit/Myself/Learning/ReactNative/Trivia/Github/code-challenge-ajit-singh/Source/Trivia/Source/PresentationalComponents/ResultItem.js
FN:11,getAnswerText
FN:20,(anonymous_1)
FNF:2
FNH:2
FNDA:1,getAnswerText
FNDA:1,(anonymous_1)
DA:12,1
DA:13,1
DA:14,1
DA:15,0
DA:17,1
DA:20,2
DA:21,1
DA:27,2
DA:35,2
DA:43,2
LF:10
LH:9
BRDA:12,0,0,1
BRDA:12,0,1,0
BRDA:14,1,0,0
BRDA:14,1,1,1
BRF:4
BRH:2
end_of_record
TN:
SF:/Users/globallogic/Documents/Ajit/Myself/Learning/ReactNative/Trivia/Github/code-challenge-ajit-singh/Source/Trivia/Source/PresentationalComponents/TriviaButton.js
FN:10,(anonymous_0)
FNF:1
FNH:1
FNDA:3,(anonymous_0)
DA:10,3
DA:11,3
DA:19,3
DA:24,3
LF:4
LH:4
BRF:0
BRH:0
end_of_record
TN:
SF:/Users/globallogic/Documents/Ajit/Myself/Learning/ReactNative/Trivia/Github/code-challenge-ajit-singh/Source/Trivia/Source/PresentationalComponents/TriviaContainer.js
FN:8,(anonymous_0)
FNF:1
FNH:1
FNDA:6,(anonymous_0)
DA:8,5
DA:9,6
DA:14,5
LF:3
LH:3
BRF:0
BRH:0
end_of_record
TN:
SF:/Users/globallogic/Documents/Ajit/Myself/Learning/ReactNative/Trivia/Github/code-challenge-ajit-singh/Source/Trivia/Source/PresentationalComponents/TriviaText.js
FN:9,(anonymous_0)
FNF:1
FNH:1
FNDA:6,(anonymous_0)
DA:9,4
DA:10,6
DA:13,4
DA:17,4
LF:4
LH:4
BRF:0
BRH:0
end_of_record
TN:
SF:/Users/globallogic/Documents/Ajit/Myself/Learning/ReactNative/Trivia/Github/code-challenge-ajit-singh/Source/Trivia/Source/PresentationalComponents/TriviaTitleText.js
FN:9,(anonymous_0)
FNF:1
FNH:1
FNDA:4,(anonymous_0)
DA:9,4
DA:10,4
DA:13,4
DA:17,4
LF:4
LH:4
BRF:0
BRH:0
end_of_record
TN:
SF:/Users/globallogic/Documents/Ajit/Myself/Learning/ReactNative/Trivia/Github/code-challenge-ajit-singh/Source/Trivia/Source/Reducers/AnswerQuestionReducer.js
FN:1,answerQuestion
FN:7,answerQuestionReducer
FNF:2
FNH:2
FNDA:5,answerQuestion
FNDA:5,answerQuestionReducer
DA:2,5
DA:3,5
DA:4,5
DA:8,5
DA:9,5
DA:11,5
DA:12,5
DA:13,5
DA:14,2
DA:16,3
DA:19,5
LF:11
LH:11
BRDA:2,0,0,5
BRDA:2,0,1,0
BRDA:3,1,0,5
BRDA:3,1,1,1
BRDA:3,2,0,5
BRDA:3,2,1,0
BRDA:13,3,0,2
BRDA:13,3,1,3
BRF:8
BRH:6
end_of_record
TN:
SF:/Users/globallogic/Documents/Ajit/Myself/Learning/ReactNative/Trivia/Github/code-challenge-ajit-singh/Source/Trivia/Source/Reducers/CalculateTotalCorrectAnswersReducer.js
FN:1,calculateTotalCorrectAnswersReducer
FN:5,(anonymous_1)
FNF:2
FNH:2
FNDA:4,calculateTotalCorrectAnswersReducer
FNDA:9,(anonymous_1)
DA:2,4
DA:3,4
DA:5,4
DA:6,9
DA:7,3
DA:11,4
LF:6
LH:6
BRDA:5,0,0,4
BRDA:5,0,1,0
BRDA:6,1,0,3
BRDA:6,1,1,6
BRF:4
BRH:3
end_of_record
TN:
SF:/Users/globallogic/Documents/Ajit/Myself/Learning/ReactNative/Trivia/Github/code-challenge-ajit-singh/Source/Trivia/Source/Reducers/FetchQuestionsSuccessReducer.js
FN:5,fetchQuestionsSuccessReducer
FN:8,(anonymous_1)
FNF:2
FNH:2
FNDA:3,fetchQuestionsSuccessReducer
FNDA:6,(anonymous_1)
DA:1,2
DA:3,2
DA:6,3
DA:7,3
DA:8,3
DA:10,6
DA:12,6
DA:19,3
LF:8
LH:8
BRF:0
BRH:0
end_of_record
TN:
SF:/Users/globallogic/Documents/Ajit/Myself/Learning/ReactNative/Trivia/Github/code-challenge-ajit-singh/Source/Trivia/Source/Utils/APIUtils.js
FNF:0
FNH:0
DA:3,3
DA:4,3
DA:5,3
LF:3
LH:3
BRF:0
BRH:0
end_of_record
TN:
SF:/Users/globallogic/Documents/Ajit/Myself/Learning/ReactNative/Trivia/Github/code-challenge-ajit-singh/Source/Trivia/Source/Utils/StyleUtils.js
FNF:0
FNH:0
DA:2,10
DA:3,10
DA:4,10
DA:5,10
DA:6,10
DA:7,10
DA:8,10
LF:7
LH:7
BRF:0
BRH:0
end_of_record
