TN:
SF:/Users/globallogic/Documents/Ajit/Myself/Learning/ReactNative/Trivia/Github/code-challenge-ajit-singh/Source/Trivia/Source/Reducers.js
FN:12,reducer
FN:40,answerQuestion
FN:46,answerQuestionReducer
FN:67,calculateTotalCorrectAnswersAction
FN:69,(anonymous_4)
FNF:5
FNH:5
FNDA:15,reducer
FNDA:3,answerQuestion
FNDA:3,answerQuestionReducer
FNDA:2,calculateTotalCorrectAnswersAction
FNDA:3,(anonymous_4)
DA:4,1
DA:13,15
DA:15,2
DA:17,2
DA:19,2
DA:25,3
DA:32,2
DA:34,2
DA:36,2
DA:41,3
DA:42,3
DA:43,3
DA:47,3
DA:48,3
DA:49,3
DA:50,1
DA:52,2
DA:55,3
DA:68,2
DA:69,2
DA:70,3
DA:71,2
DA:74,2
LF:23
LH:23
BRDA:12,0,0,7
BRDA:13,1,0,2
BRDA:13,1,1,2
BRDA:13,1,2,2
BRDA:13,1,3,3
BRDA:13,1,4,2
BRDA:13,1,5,2
BRDA:13,1,6,2
BRDA:41,2,0,3
BRDA:41,2,1,0
BRDA:42,3,0,3
BRDA:42,3,1,1
BRDA:42,4,0,3
BRDA:42,4,1,0
BRDA:49,5,0,1
BRDA:49,5,1,2
BRDA:69,6,0,2
BRDA:69,6,1,0
BRDA:70,7,0,2
BRDA:70,7,1,1
BRF:20
BRH:17
end_of_record
TN:
SF:/Users/globallogic/Documents/Ajit/Myself/Learning/ReactNative/Trivia/Github/code-challenge-ajit-singh/Source/Trivia/Source/Actions/ActionTypes.js
FNF:0
FNH:0
DA:1,8
DA:2,8
DA:3,8
DA:4,8
DA:5,8
DA:6,8
LF:6
LH:6
BRF:0
BRH:0
end_of_record
TN:
SF:/Users/globallogic/Documents/Ajit/Myself/Learning/ReactNative/Trivia/Github/code-challenge-ajit-singh/Source/Trivia/Source/Actions/AnswerQuestionAction.js
FN:3,answerQuestion
FNF:1
FNH:1
FNDA:1,answerQuestion
DA:4,1
LF:1
LH:1
BRF:0
BRH:0
end_of_record
TN:
SF:/Users/globallogic/Documents/Ajit/Myself/Learning/ReactNative/Trivia/Github/code-challenge-ajit-singh/Source/Trivia/Source/Actions/CalculateTotalCorrectAnswersAction.js
FN:3,calculateTotalCorrectAnswers
FNF:1
FNH:1
FNDA:1,calculateTotalCorrectAnswers
DA:4,1
LF:1
LH:1
BRF:0
BRH:0
end_of_record
TN:
SF:/Users/globallogic/Documents/Ajit/Myself/Learning/ReactNative/Trivia/Github/code-challenge-ajit-singh/Source/Trivia/Source/Actions/FetchQuestionsAction.js
FN:4,fetchQuestions
FNF:1
FNH:1
FNDA:1,fetchQuestions
DA:5,1
LF:1
LH:1
BRF:0
BRH:0
end_of_record
TN:
SF:/Users/globallogic/Documents/Ajit/Myself/Learning/ReactNative/Trivia/Github/code-challenge-ajit-singh/Source/Trivia/Source/Actions/ResetQuestionsAction.js
FN:3,resetQuestions
FNF:1
FNH:1
FNDA:1,resetQuestions
DA:4,1
LF:1
LH:1
BRF:0
BRH:0
end_of_record
TN:
SF:/Users/globallogic/Documents/Ajit/Myself/Learning/ReactNative/Trivia/Github/code-challenge-ajit-singh/Source/Trivia/Source/ContainerComponents/HomeScreen.js
FN:24,(anonymous_0)
FN:31,(anonymous_1)
FN:34,(anonymous_2)
FN:39,(anonymous_3)
FN:43,(anonymous_4)
FN:47,(anonymous_5)
FN:56,(anonymous_6)
FN:69,(anonymous_7)
FNF:8
FNH:6
FNDA:6,(anonymous_0)
FNDA:1,(anonymous_1)
FNDA:1,(anonymous_2)
FNDA:1,(anonymous_3)
FNDA:3,(anonymous_4)
FNDA:1,(anonymous_5)
FNDA:0,(anonymous_6)
FNDA:0,(anonymous_7)
DA:25,6
DA:26,6
DA:32,1
DA:35,1
DA:40,1
DA:44,3
DA:47,1
DA:48,1
DA:49,1
DA:51,2
DA:52,1
DA:57,0
DA:69,1
DA:75,1
LF:14
LH:13
BRDA:44,0,0,1
BRDA:44,0,1,2
BRDA:44,1,0,3
BRDA:44,1,1,2
BRDA:51,2,0,1
BRDA:51,2,1,1
BRF:6
BRH:6
end_of_record
TN:
SF:/Users/globallogic/Documents/Ajit/Myself/Learning/ReactNative/Trivia/Github/code-challenge-ajit-singh/Source/Trivia/Source/ContainerComponents/QuizScreen.js
FN:23,(anonymous_0)
FN:30,(anonymous_1)
FN:36,(anonymous_2)
FN:46,(anonymous_3)
FN:50,(anonymous_4)
FN:64,(anonymous_5)
FNF:6
FNH:4
FNDA:5,(anonymous_0)
FNDA:1,(anonymous_1)
FNDA:2,(anonymous_2)
FNDA:1,(anonymous_3)
FNDA:0,(anonymous_4)
FNDA:0,(anonymous_5)
DA:24,5
DA:25,5
DA:31,1
DA:37,2
DA:38,1
DA:42,1
DA:47,1
DA:51,0
DA:64,1
DA:70,1
LF:10
LH:9
BRDA:32,0,0,1
BRDA:32,0,1,0
BRDA:37,1,0,1
BRDA:37,1,1,1
BRDA:39,2,0,1
BRDA:39,2,1,0
BRDA:53,3,0,0
BRDA:53,3,1,0
BRDA:55,4,0,0
BRDA:55,4,1,0
BRF:10
BRH:4
end_of_record
TN:
SF:/Users/globallogic/Documents/Ajit/Myself/Learning/ReactNative/Trivia/Github/code-challenge-ajit-singh/Source/Trivia/Source/ContainerComponents/ResultsScreen.js
FN:29,(anonymous_0)
FN:33,(anonymous_1)
FN:39,(anonymous_2)
FN:43,(anonymous_3)
FN:49,(anonymous_4)
FN:77,(anonymous_5)
FN:78,(anonymous_6)
FNF:7
FNH:3
FNDA:1,(anonymous_0)
FNDA:2,(anonymous_1)
FNDA:1,(anonymous_2)
FNDA:0,(anonymous_3)
FNDA:0,(anonymous_4)
FNDA:0,(anonymous_5)
FNDA:0,(anonymous_6)
DA:30,1
DA:34,2
DA:35,1
DA:40,1
DA:44,0
DA:50,0
DA:51,0
DA:65,1
DA:77,1
DA:78,0
DA:79,0
DA:85,1
LF:12
LH:7
BRDA:34,0,0,1
BRDA:34,0,1,1
BRF:2
BRH:2
end_of_record
TN:
SF:/Users/globallogic/Documents/Ajit/Myself/Learning/ReactNative/Trivia/Github/code-challenge-ajit-singh/Source/Trivia/Source/PresentationalComponents/Loader.js
FN:13,(anonymous_0)
FNF:1
FNH:0
FNDA:0,(anonymous_0)
DA:13,1
DA:14,0
DA:30,1
DA:34,1
LF:4
LH:3
BRF:0
BRH:0
end_of_record
TN:
SF:/Users/globallogic/Documents/Ajit/Myself/Learning/ReactNative/Trivia/Github/code-challenge-ajit-singh/Source/Trivia/Source/PresentationalComponents/Question.js
FN:18,(anonymous_0)
FN:25,(anonymous_1)
FN:31,(anonymous_2)
FN:34,(anonymous_3)
FN:37,(anonymous_4)
FN:44,(anonymous_5)
FNF:6
FNH:5
FNDA:2,(anonymous_0)
FNDA:1,(anonymous_1)
FNDA:1,(anonymous_2)
FNDA:1,(anonymous_3)
FNDA:1,(anonymous_4)
FNDA:0,(anonymous_5)
DA:11,2
DA:13,2
DA:19,2
DA:20,2
DA:26,1
DA:32,1
DA:37,1
DA:38,1
DA:39,1
DA:45,0
DA:60,2
DA:65,2
DA:69,2
LF:13
LH:12
BRF:0
BRH:0
end_of_record
TN:
SF:/Users/globallogic/Documents/Ajit/Myself/Learning/ReactNative/Trivia/Github/code-challenge-ajit-singh/Source/Trivia/Source/PresentationalComponents/ResultItem.js
FN:15,getAnswerText
FN:24,(anonymous_1)
FNF:2
FNH:0
FNDA:0,getAnswerText
FNDA:0,(anonymous_1)
DA:11,1
DA:13,1
DA:16,0
DA:17,0
DA:18,0
DA:19,0
DA:21,0
DA:24,1
DA:25,0
DA:31,1
DA:39,1
DA:47,1
LF:12
LH:6
BRDA:16,0,0,0
BRDA:16,0,1,0
BRDA:18,1,0,0
BRDA:18,1,1,0
BRF:4
BRH:0
end_of_record
TN:
SF:/Users/globallogic/Documents/Ajit/Myself/Learning/ReactNative/Trivia/Github/code-challenge-ajit-singh/Source/Trivia/Source/PresentationalComponents/TriviaButton.js
FN:10,(anonymous_0)
FNF:1
FNH:0
FNDA:0,(anonymous_0)
DA:10,2
DA:11,0
DA:19,2
DA:24,2
LF:4
LH:3
BRF:0
BRH:0
end_of_record
TN:
SF:/Users/globallogic/Documents/Ajit/Myself/Learning/ReactNative/Trivia/Github/code-challenge-ajit-singh/Source/Trivia/Source/PresentationalComponents/TriviaContainer.js
FN:8,(anonymous_0)
FNF:1
FNH:0
FNDA:0,(anonymous_0)
DA:8,4
DA:9,0
DA:14,4
LF:3
LH:2
BRF:0
BRH:0
end_of_record
TN:
SF:/Users/globallogic/Documents/Ajit/Myself/Learning/ReactNative/Trivia/Github/code-challenge-ajit-singh/Source/Trivia/Source/PresentationalComponents/TriviaText.js
FN:9,(anonymous_0)
FNF:1
FNH:0
FNDA:0,(anonymous_0)
DA:9,3
DA:10,0
DA:13,3
DA:17,3
LF:4
LH:3
BRF:0
BRH:0
end_of_record
TN:
SF:/Users/globallogic/Documents/Ajit/Myself/Learning/ReactNative/Trivia/Github/code-challenge-ajit-singh/Source/Trivia/Source/PresentationalComponents/TriviaTitleText.js
FN:9,(anonymous_0)
FNF:1
FNH:0
FNDA:0,(anonymous_0)
DA:9,3
DA:10,0
DA:13,3
DA:17,3
LF:4
LH:3
BRF:0
BRH:0
end_of_record
TN:
SF:/Users/globallogic/Documents/Ajit/Myself/Learning/ReactNative/Trivia/Github/code-challenge-ajit-singh/Source/Trivia/Source/Utils/APIUtils.js
FNF:0
FNH:0
DA:3,3
DA:4,3
DA:5,3
LF:3
LH:3
BRF:0
BRH:0
end_of_record
TN:
SF:/Users/globallogic/Documents/Ajit/Myself/Learning/ReactNative/Trivia/Github/code-challenge-ajit-singh/Source/Trivia/Source/Utils/StyleUtils.js
FNF:0
FNH:0
DA:2,4
DA:3,4
DA:4,4
DA:5,4
DA:6,4
DA:7,4
DA:8,4
LF:7
LH:7
BRF:0
BRH:0
end_of_record
